This is TeX, Version 3.14159 (Web2C 7.3.1) (format=latex 2000.7.25)  21 JAN 2004 21:59
**hvitebok.tex
(hvitebok.tex
LaTeX2e <1999/12/01> patch level 1
Babel <v3.6Z> and hyphenation patterns for american, british, norsk, nohyphenat
ion, loaded.
(/ifi/ganglot/share/teTeX/share/texmf/tex/latex/base/book.cls
Document Class: book 1999/09/10 v1.4a Standard LaTeX document class
(/ifi/ganglot/share/teTeX/share/texmf/tex/latex/base/bk11.clo
File: bk11.clo 1999/09/10 v1.4a Standard LaTeX file (size option)
)
\c@part=\count79
\c@chapter=\count80
\c@section=\count81
\c@subsection=\count82
\c@subsubsection=\count83
\c@paragraph=\count84
\c@subparagraph=\count85
\c@figure=\count86
\c@table=\count87
\abovecaptionskip=\skip41
\belowcaptionskip=\skip42
\bibindent=\dimen102
)
(/ifi/ganglot/share/teTeX/share/texmf/tex/latex/base/inputenc.sty
Package: inputenc 1999/09/17 v0.992 Input encoding file 

(/ifi/ganglot/share/teTeX/share/texmf/tex/latex/base/latin1.def
File: latin1.def 1999/09/17 v0.992 Input encoding file 
))
(/ifi/ganglot/share/teTeX/share/texmf/tex/latex/base/fontenc.sty
Package: fontenc 1999/12/08 v1.9x Standard LaTeX package

(/ifi/ganglot/share/teTeX/share/texmf/tex/latex/base/t1enc.def
File: t1enc.def 1999/12/08 v1.9x Standard LaTeX file
LaTeX Font Info:    Redeclaring font encoding T1 on input line 38.
))
(/ifi/ganglot/share/teTeX/share/texmf/tex/generic/babel/babel.sty
Package: babel 1999/09/09 v3.6Z The Babel package

(/ifi/ganglot/share/teTeX/share/texmf/tex/generic/babel/norsk.ldf
Language: norsk 1999/04/22 v1.2j Norsk support from the babel system

(/ifi/ganglot/share/teTeX/share/texmf/tex/generic/babel/babel.def
File: babel.def 1999/09/09 v3.6Z Babel common definitions
\babel@savecnt=\count88
\U@D=\dimen103
)))
(/ifi/ganglot/share/teTeX/share/texmf/tex/latex/graphics/graphicx.sty
Package: graphicx 1999/02/16 v1.0f Enhanced LaTeX Graphics (DPC,SPQR)

(/ifi/ganglot/share/teTeX/share/texmf/tex/latex/graphics/keyval.sty
Package: keyval 1999/03/16 v1.13 key=value parser (DPC)
\KV@toks@=\toks14
)
(/ifi/ganglot/share/teTeX/share/texmf/tex/latex/graphics/graphics.sty
Package: graphics 1999/02/16 v1.0l Standard LaTeX Graphics (DPC,SPQR)

(/ifi/ganglot/share/teTeX/share/texmf/tex/latex/graphics/trig.sty
Package: trig 1999/03/16 v1.09 sin cos tan (DPC)
)
(/ifi/ganglot/share/teTeX/share/texmf/tex/latex/config/graphics.cfg)
Package graphics Info: Driver file: dvips.def on input line 80.

(/ifi/ganglot/share/teTeX/share/texmf/tex/latex/graphics/dvips.def
File: dvips.def 1999/02/16 v3.0i Driver-dependant file (DPC,SPQR)
))
\Gin@req@height=\dimen104
\Gin@req@width=\dimen105
)
(/ifi/ganglot/share/teTeX/share/texmf/tex/latex/tools/varioref.sty
Package: varioref 1999/12/02 v1.2c package for extended references (FMi)
\c@vrcnt=\count89
)
(/ifi/ganglot/share/teTeX/share/texmf/tex/latex/amsmath/amsmath.sty
Package: amsmath 2000/01/15 v2.05 AMS math features
\@mathmargin=\skip43

For additional information on amsmath, use the `?' option.
(/ifi/ganglot/share/teTeX/share/texmf/tex/latex/amsmath/amstext.sty
Package: amstext 1999/11/15 v2.0

(/ifi/ganglot/share/teTeX/share/texmf/tex/latex/amsmath/amsgen.sty
File: amsgen.sty 1999/11/30 v2.0
\@emptytoks=\toks15
\ex@=\dimen106
))
(/ifi/ganglot/share/teTeX/share/texmf/tex/latex/amsmath/amsbsy.sty
Package: amsbsy 1999/11/29 v1.2d
\pmbraise@=\dimen107
)
(/ifi/ganglot/share/teTeX/share/texmf/tex/latex/amsmath/amsopn.sty
Package: amsopn 1999/12/14 v2.01 operator names
)
\inf@bad=\count90
LaTeX Info: Redefining \frac on input line 198.
\uproot@=\count91
\leftroot@=\count92
LaTeX Info: Redefining \overline on input line 302.
\classnum@=\count93
\DOTSCASE@=\count94
LaTeX Info: Redefining \ldots on input line 376.
LaTeX Info: Redefining \dots on input line 379.
LaTeX Info: Redefining \cdots on input line 464.
\Mathstrutbox@=\box26
\strutbox@=\box27
\big@size=\dimen108
LaTeX Font Info:    Redeclaring font encoding OML on input line 563.
LaTeX Font Info:    Redeclaring font encoding OMS on input line 564.
\macc@skew=\dimen109
\c@MaxMatrixCols=\count95
\dotsspace@=\muskip10
\c@parentequation=\count96
\dspbrk@lvl=\count97
\tag@help=\toks16
\row@=\count98
\column@=\count99
\maxfields@=\count100
\andhelp@=\toks17
\eqnshift@=\dimen110
\alignsep@=\dimen111
\tagshift@=\dimen112
\tagwidth@=\dimen113
\totwidth@=\dimen114
\lineht@=\dimen115
\@envbody=\toks18
\multlinegap=\skip44
\multlinetaggap=\skip45
LaTeX Info: Redefining \[ on input line 2594.
LaTeX Info: Redefining \] on input line 2595.
)
(/ifi/ganglot/share/teTeX/share/texmf/tex/latex/html/url.sty
Package: url 1999/03/02  ver 1.4  Verb mode for urls, email addresses, and file
 names
)
(/ifi/ganglot/share/teTeX/share/texmf/tex/latex/graphics/epsfig.sty
Package: epsfig 1999/02/16 v1.7a (e)psfig emulation (SPQR)
\epsfxsize=\dimen116
\epsfysize=\dimen117
)
(/ifi/ganglot/share/teTeX/share/texmf/tex/latex/misc/moreverb.sty
Package: moreverb 1997/12/07 v2.2d.2 `more' verbatim facilities

(/ifi/ganglot/share/teTeX/share/texmf/tex/latex/tools/verbatim.sty
Package: verbatim 2000/01/07 v1.5m LaTeX2e package for verbatim enhancements
\every@verbatim=\toks19
\verbatim@line=\toks20
\verbatim@in@stream=\read1
)
\verbatim@out=\write3
\tab@position=\count101
\tab@size=\count102
\listing@line=\count103
)
(/ifi/ganglot/share/teTeX/share/texmf/tex/latex/misc/float.sty
Package: float 1999/05/29 v1.2d Float enhancements (AL)
\c@float@type=\count104
\float@box=\box28
\@floatcapt=\box29
)
(/ifi/ganglot/share/teTeX/share/texmf/tex/latex/fancyheadings/fancyheadings.sty
\headrulewidth=\dimen118
\footrulewidth=\dimen119
\plainheadrulewidth=\dimen120
\plainfootrulewidth=\dimen121
\headwidth=\dimen122
\footruleskip=\dimen123
) (hvitebok.aux)
\openout1 = `hvitebok.aux'.

LaTeX Font Info:    Checking defaults for OML/cmm/m/it on input line 18.
LaTeX Font Info:    ... okay on input line 18.
LaTeX Font Info:    Checking defaults for T1/cmr/m/n on input line 18.
LaTeX Font Info:    ... okay on input line 18.
LaTeX Font Info:    Checking defaults for OT1/cmr/m/n on input line 18.
LaTeX Font Info:    ... okay on input line 18.
LaTeX Font Info:    Checking defaults for OMS/cmsy/m/n on input line 18.
LaTeX Font Info:    ... okay on input line 18.
LaTeX Font Info:    Checking defaults for OMX/cmex/m/n on input line 18.
LaTeX Font Info:    ... okay on input line 18.
LaTeX Font Info:    Checking defaults for U/cmr/m/n on input line 18.
LaTeX Font Info:    ... okay on input line 18.
File: rflogo.eps Graphic file (type eps)
 <rflogo.eps>

LaTeX Warning: No \author given.

[1


] [2

] (hvitebok.toc [3] [4])
\tf@toc=\write4
\openout4 = `hvitebok.toc'.

 [5] [6

]
Kapittel 1.
[7] [8

]
Kapittel 2.
(kildekode/generelt.tex
LaTeX Font Info:    Try loading font information for OMS+cmr on input line 12.

(/ifi/ganglot/share/teTeX/share/texmf/tex/latex/base/omscmr.fd
File: omscmr.fd 1999/05/25 v2.5h Standard LaTeX font definitions
)
LaTeX Font Info:    Font shape `OMS/cmr/m/n' in size <10.95> not available
(Font)              Font shape `OMS/cmsy/m/n' tried instead on input line 12.
 [9]) [10]
Kapittel 3.
(kildekode/formand.tex [11

] [12]
Overfull \hbox (5.81247pt too wide) in paragraph at lines 77--82
[]\T1/cmr/m/n/10.95 Etter ge-ne-ral-for-sam-l-in-g-en: Hold på de avtrop-p-en-d
e og sørg for at påtrop-
 []

[13]) (kildekode/sekretar.tex
Overfull \hbox (68.66168pt too wide) in paragraph at lines 16--18
[]\T1/cmr/m/n/10.95 Hvert se-mes-ter opp-da-te-re lis-t-en over per-so-n-er med
 til-gang til C216/Redselskabinettet. 
 []

) [14]
Kapittel 4.
(kildekode/kjellermester.tex [15

]) (kildekode/skjenkemester.tex [16])
(kildekode/kafe.tex [17]
LaTeX Font Info:    Try loading font information for T1+cmss on input line 60.

(/ifi/ganglot/share/teTeX/share/texmf/tex/latex/base/t1cmss.fd
File: t1cmss.fd 1999/05/25 v2.5h Standard LaTeX font definitions
)
Overfull \hbox (36.3693pt too wide) in paragraph at lines 59--62
\T1/cmr/m/n/10.95 Mannen i Tem-pe-rato he-t-er Alexan-der von der Lip-pe. Han n
ås på: [],
 []

[18] [19] [20]) [21] [22

]
Kapittel 5.
(kildekode/okonomiutvalget.tex [23] [24] [25]) [26]
Kapittel 6.
(kildekode/arrsjef.tex [27

]) (kildekode/arr/karneval.tex)
(kildekode/arr/allefestersmor.tex [28]) [29] [30

]
Kapittel 7.
(kildekode/fagsjef.tex [31]
LaTeX Font Info:    Try loading font information for T1+cmtt on input line 45.

(/ifi/ganglot/share/teTeX/share/texmf/tex/latex/base/t1cmtt.fd
File: t1cmtt.fd 1999/05/25 v2.5h Standard LaTeX font definitions
) [32]) [33]
[34

]
Kapittel 8.
(kildekode/infosjef.tex [35]
Overfull \hbox (29.94603pt too wide) in paragraph at lines 49--57
\T1/cmr/m/n/10.95 kan man fin-ne på: $\T1/cmtt/m/n/10.95 http : / / www . usit 
. uio . no / it / utskrift / bestilling \ _goliat .
 []

[36] [37]) [38]
Kapittel 9.
(kildekode/internansvarlig.tex [39

]) (kildekode/donaldsjef.tex) [40]
Kapittel 10.
[41

] [42

]
Kapittel 11.
[43] [44

]
Kapittel 12.
(kildekode/lover.tex [45] [46]
Overfull \hbox (5.82088pt too wide) in paragraph at lines 136--140
[]\T1/cmr/m/n/14.4 Hovedstyrets stem-me-be-ret-tig-e-de vel-ges på ge-ne-ral-fo
r-sam-
 []

[47]
Overfull \hbox (6.69112pt too wide) in paragraph at lines 147--152
\T1/cmr/m/n/14.4 drifts-kon-takt, Do-naldsjef, Vakt-gruppe-sjef, Ar-ran-ge-ment
s-
 []

[48] [49]
Overfull \hbox (2.53366pt too wide) in paragraph at lines 216--219
\T1/cmr/m/n/14.4 e-n-in-g-ens in-ter-ne og eks-ter-ne ar-ran-ge-men-t-er, dri-v
e rekrut-
 []


Overfull \hbox (6.03929pt too wide) in paragraph at lines 228--230
\T1/cmr/m/n/14.4 re med-lem-m-er: Ka-fe-sjef, Ut-leie-sjef, Skjen-ke-mes-te-re,
 Vakt-
 []


Overfull \hbox (1.91255pt too wide) in paragraph at lines 242--246
[]\T1/cmr/m/n/14.4 Økonomiutvalget har fi-re med-lem-m-er. Det vel-ges to med-
 []

[50]
Overfull \hbox (7.98094pt too wide) in paragraph at lines 277--281
[]\T1/cmr/m/n/14.4 Økonomiutvalget over-tar drif-t-en av Rea-list-for-e-n-in-g-
en inn-
 []

[51]
Overfull \hbox (5.36122pt too wide) in paragraph at lines 287--290
[]\T1/cmr/m/n/14.4 Desisjonsutvalget har tre med-lem-m-er: Det vel-ges ett med-

 []


Overfull \hbox (1.94527pt too wide) in paragraph at lines 297--302
[]\T1/cmr/m/n/14.4 Desisjonsutvalget har den en-de-li-ge av-gjø-r-el-se i tvils
-spørs-
 []

[52] [53]
Overfull \hbox (0.70952pt too wide) in paragraph at lines 399--404
\T1/cmr/m/n/14.4 stem-me-be-ret-tig-e-de er til-strek-ke-lig der-som for-e-n-in
-g-en har
 []

[54]
Overfull \hbox (31.89769pt too wide) in paragraph at lines 420--425
\T1/cmr/m/n/14.4 sam-l-in-g-en. Lo-v-end-r-ings-for-slag kan ikke be-hand-les p
å ekstraor-
 []

[55] [56]
Overfull \hbox (8.6435pt too wide) in paragraph at lines 503--510
\T1/cmr/m/n/14.4 Foreningens med-lem-m-er kan frem-me mis-til-lits-for-slag mot
 med-
 []

) [57] [58]
Kapittel 13.
[59

] (hvitebok.aux) ) 
Here is how much of TeX's memory you used:
 2071 strings out of 10903
 23594 string characters out of 696998
 78248 words of memory out of 263001
 4939 multiletter control sequences out of 10000+0
 22261 words of font info for 52 fonts, out of 400000 for 1000
 22 hyphenation exceptions out of 1000
 27i,8n,20p,334b,491s stack positions out of 300i,100n,500p,50000b,4000s

Output written on hvitebok.dvi (59 pages, 116560 bytes).
